Using pre-set license
Built from '2020.3/release' branch; Version is '2020.3.7f1 (dd97f2c94397) revision 14522354'; Using compiler version '192528614'; Build Type 'Release'
OS: 'Windows 10 Home; OS build 19045.4170; Version 2009; 64bit' Language: 'en' Physical Memory: 32694 MB
BatchMode: 1, IsHumanControllingUs: 0, StartBugReporterOnCrash: 0, Is64bit: 1, IsPro: 0

 COMMAND LINE ARGUMENTS:
C:\Program Files\Unity\Hub\Editor\2020.3.7f1\Editor\Unity.exe
-adb2
-batchMode
-noUpm
-name
AssetImportWorker0
-projectPath
C:/Users/Jacob/platformer_test
-logFile
Logs/AssetImportWorker0.log
-srvPort
50885
Successfully changed project path to: C:/Users/Jacob/platformer_test
C:/Users/Jacob/platformer_test
Using Asset Import Pipeline V2.
Refreshing native plugins compatible for Editor in 31.70 ms, found 1 plugins.
Preloading 0 native plugins for Editor in 0.00 ms.
Initialize engine version: 2020.3.7f1 (dd97f2c94397)
[Subsystems] Discovering subsystems at path C:/Program Files/Unity/Hub/Editor/2020.3.7f1/Editor/Data/Resources/UnitySubsystems
[Subsystems] Discovering subsystems at path C:/Users/Jacob/platformer_test/Assets
GfxDevice: creating device client; threaded=0
Direct3D:
    Version:  Direct3D 11.0 [level 11.1]
    Renderer: NVIDIA GeForce RTX 2080 SUPER (ID=0x1e81)
    Vendor:   
    VRAM:     8002 MB
    Driver:   31.0.15.4629
Initialize mono
Mono path[0] = 'C:/Program Files/Unity/Hub/Editor/2020.3.7f1/Editor/Data/Managed'
Mono path[1] = 'C:/Program Files/Unity/Hub/Editor/2020.3.7f1/Editor/Data/MonoBleedingEdge/lib/mono/unityjit'
Mono config path = 'C:/Program Files/Unity/Hub/Editor/2020.3.7f1/Editor/Data/MonoBleedingEdge/etc'
Using monoOptions --debugger-agent=transport=dt_socket,embedding=1,server=y,suspend=n,address=127.0.0.1:56760
Begin MonoManager ReloadAssembly
Registering precompiled unity dll's ...
Register platform support module: C:/Program Files/Unity/Hub/Editor/2020.3.7f1/Editor/Data/PlaybackEngines/WebGLSupport/UnityEditor.WebGL.Extensions.dll
Register platform support module: C:/Program Files/Unity/Hub/Editor/2020.3.7f1/Editor/Data/PlaybackEngines/WindowsStandaloneSupport/UnityEditor.WindowsStandalone.Extensions.dll
Registered in 0.002904 seconds.
Native extension for WindowsStandalone target not found
Native extension for WebGL target not found
Refreshing native plugins compatible for Editor in 31.79 ms, found 1 plugins.
Preloading 0 native plugins for Editor in 0.00 ms.
Mono: successfully reloaded assembly
- Completed reload, in  2.204 seconds
Platform modules already initialized, skipping
Registering precompiled user dll's ...
Registered in 0.001145 seconds.
Begin MonoManager ReloadAssembly
Native extension for WindowsStandalone target not found
Native extension for WebGL target not found
Refreshing native plugins compatible for Editor in 32.21 ms, found 1 plugins.
Preloading 0 native plugins for Editor in 0.00 ms.
Mono: successfully reloaded assembly
- Completed reload, in  0.819 seconds
Platform modules already initialized, skipping
========================================================================
Worker process is ready to serve import requests
Launched and connected shader compiler UnityShaderCompiler.exe after 0.04 seconds
Refreshing native plugins compatible for Editor in 0.41 ms, found 1 plugins.
Preloading 0 native plugins for Editor in 0.00 ms.
Unloading 1808 Unused Serialized files (Serialized files now loaded: 0)
System memory in use before: 84.8 MB.
System memory in use after: 84.9 MB.

Unloading 19 unused Assets to reduce memory usage. Loaded Objects now: 2255.
Total: 2.685100 ms (FindLiveObjects: 0.589900 ms CreateObjectMapping: 0.043700 ms MarkObjects: 1.981700 ms  DeleteObjects: 0.068400 ms)

========================================================================
Received Import Request.
  path: Assets/Scenes
  artifactKey: Guid(b673ad73bb24c3149aa76580c706f975) Importer(815301076,1909f56bfc062723c751e8b465ee728b)
Start importing Assets/Scenes using Guid(b673ad73bb24c3149aa76580c706f975) Importer(815301076,1909f56bfc062723c751e8b465ee728b)  -> (artifact id: 'e1525829790c4feb25ef15e7bfd14bfc') in 0.011735 seconds
  Import took 0.023460 seconds .

========================================================================
Received Import Request.
  Time since last request: 0.524177 seconds.
  path: Assets/Leels
  artifactKey: Guid(b673ad73bb24c3149aa76580c706f975) Importer(815301076,1909f56bfc062723c751e8b465ee728b)
Start importing Assets/Leels using Guid(b673ad73bb24c3149aa76580c706f975) Importer(815301076,1909f56bfc062723c751e8b465ee728b)  -> (artifact id: '6f63b9e9c1d0b905a0abe86430730575') in 0.008548 seconds
  Import took 0.011710 seconds .

========================================================================
Received Import Request.
  Time since last request: 4.635740 seconds.
  path: Assets/Levels
  artifactKey: Guid(b673ad73bb24c3149aa76580c706f975) Importer(815301076,1909f56bfc062723c751e8b465ee728b)
Start importing Assets/Levels using Guid(b673ad73bb24c3149aa76580c706f975) Importer(815301076,1909f56bfc062723c751e8b465ee728b)  -> (artifact id: 'a00761f5ea951e89c2a1fd71ee739504') in 0.007659 seconds
  Import took 0.010580 seconds .

========================================================================
Received Import Request.
  Time since last request: 6.328056 seconds.
  path: Assets/Levels/SampleScene.unity
  artifactKey: Guid(2cda990e2423bbf4892e6590ba056729) Importer(815301076,1909f56bfc062723c751e8b465ee728b)
Start importing Assets/Levels/SampleScene.unity using Guid(2cda990e2423bbf4892e6590ba056729) Importer(815301076,1909f56bfc062723c751e8b465ee728b)  -> (artifact id: '4c9e329fcae455a8292420ba00714308') in 0.013572 seconds
  Import took 0.016539 seconds .

========================================================================
Received Import Request.
  Time since last request: 10.878710 seconds.
  path: Assets/Levels/Level1.unity
  artifactKey: Guid(2cda990e2423bbf4892e6590ba056729) Importer(815301076,1909f56bfc062723c751e8b465ee728b)
Start importing Assets/Levels/Level1.unity using Guid(2cda990e2423bbf4892e6590ba056729) Importer(815301076,1909f56bfc062723c751e8b465ee728b)  -> (artifact id: 'f89e1eebedd14a026506f9207f800a66') in 0.009411 seconds
  Import took 0.012658 seconds .

========================================================================
Received Import Request.
  Time since last request: 13.053906 seconds.
  path: Assets/Sprites
  artifactKey: Guid(81fc7fa9c5c5500468c557f363c5caf2) Importer(815301076,1909f56bfc062723c751e8b465ee728b)
Start importing Assets/Sprites using Guid(81fc7fa9c5c5500468c557f363c5caf2) Importer(815301076,1909f56bfc062723c751e8b465ee728b)  -> (artifact id: '8f8c2fa491287cdcde0f0897f374f368') in 0.008079 seconds
  Import took 0.011320 seconds .

========================================================================
Received Import Request.
  Time since last request: 7.849420 seconds.
  path: Assets/Scripts
  artifactKey: Guid(8ef56a78531c32144818b5da2e4165b8) Importer(815301076,1909f56bfc062723c751e8b465ee728b)
Start importing Assets/Scripts using Guid(8ef56a78531c32144818b5da2e4165b8) Importer(815301076,1909f56bfc062723c751e8b465ee728b)  -> (artifact id: '662d229837d0a15e7ecd640a65e6a530') in 0.008075 seconds
  Import took 0.011090 seconds .

========================================================================
Received Import Request.
  Time since last request: 167.303376 seconds.
  path: Assets/Sprites/PC Computer - Starbound - Tiny Crocodile.png
  artifactKey: Guid(4f7826d4b5efde246bfe605ba8ac6fdc) Importer(815301076,1909f56bfc062723c751e8b465ee728b)
Start importing Assets/Sprites/PC Computer - Starbound - Tiny Crocodile.png using Guid(4f7826d4b5efde246bfe605ba8ac6fdc) Importer(815301076,1909f56bfc062723c751e8b465ee728b)  -> (artifact id: '1217f1fb0686a7cc6f6f0d4588cc0454') in 0.075822 seconds
  Import took 0.137361 seconds .

========================================================================
Received Prepare
Registering precompiled user dll's ...
Registered in 0.001153 seconds.
Begin MonoManager ReloadAssembly
Native extension for WindowsStandalone target not found
Native extension for WebGL target not found
Refreshing native plugins compatible for Editor in 0.68 ms, found 1 plugins.
Preloading 0 native plugins for Editor in 0.00 ms.
Mono: successfully reloaded assembly
- Completed reload, in  0.761 seconds
Platform modules already initialized, skipping
Refreshing native plugins compatible for Editor in 0.49 ms, found 1 plugins.
Preloading 0 native plugins for Editor in 0.00 ms.
Unloading 1798 Unused Serialized files (Serialized files now loaded: 0)
System memory in use before: 87.4 MB.
System memory in use after: 87.5 MB.

Unloading 7 unused Assets to reduce memory usage. Loaded Objects now: 2265.
Total: 1.828600 ms (FindLiveObjects: 0.258300 ms CreateObjectMapping: 0.041800 ms MarkObjects: 1.511700 ms  DeleteObjects: 0.015600 ms)

========================================================================
Received Prepare
Registering precompiled user dll's ...
Registered in 0.001172 seconds.
Begin MonoManager ReloadAssembly
Native extension for WindowsStandalone target not found
Native extension for WebGL target not found
Refreshing native plugins compatible for Editor in 0.43 ms, found 1 plugins.
Preloading 0 native plugins for Editor in 0.00 ms.
Mono: successfully reloaded assembly
- Completed reload, in  0.789 seconds
Platform modules already initialized, skipping
Refreshing native plugins compatible for Editor in 0.42 ms, found 1 plugins.
Preloading 0 native plugins for Editor in 0.00 ms.
Unloading 1798 Unused Serialized files (Serialized files now loaded: 0)
System memory in use before: 87.4 MB.
System memory in use after: 87.5 MB.

Unloading 7 unused Assets to reduce memory usage. Loaded Objects now: 2269.
Total: 2.482900 ms (FindLiveObjects: 0.402800 ms CreateObjectMapping: 0.053200 ms MarkObjects: 2.000500 ms  DeleteObjects: 0.025100 ms)

========================================================================
Received Prepare
Registering precompiled user dll's ...
Registered in 0.001391 seconds.
Begin MonoManager ReloadAssembly
Native extension for WindowsStandalone target not found
Native extension for WebGL target not found
Refreshing native plugins compatible for Editor in 0.45 ms, found 1 plugins.
Preloading 0 native plugins for Editor in 0.00 ms.
Mono: successfully reloaded assembly
- Completed reload, in  0.755 seconds
Platform modules already initialized, skipping
Refreshing native plugins compatible for Editor in 0.39 ms, found 1 plugins.
Preloading 0 native plugins for Editor in 0.00 ms.
Unloading 1798 Unused Serialized files (Serialized files now loaded: 0)
System memory in use before: 87.4 MB.
System memory in use after: 87.6 MB.

Unloading 7 unused Assets to reduce memory usage. Loaded Objects now: 2273.
Total: 2.304800 ms (FindLiveObjects: 0.234100 ms CreateObjectMapping: 0.042700 ms MarkObjects: 2.008300 ms  DeleteObjects: 0.018500 ms)

========================================================================
Received Import Request.
  Time since last request: 597.088940 seconds.
  path: Assets/Scripts/playerMovement.cs
  artifactKey: Guid(298d2a8997e1da14ca48dd8cd0c8a256) Importer(815301076,1909f56bfc062723c751e8b465ee728b)
Start importing Assets/Scripts/playerMovement.cs using Guid(298d2a8997e1da14ca48dd8cd0c8a256) Importer(815301076,1909f56bfc062723c751e8b465ee728b)  -> (artifact id: '65eea2f592034a64f44c905c1cf37c3d') in 0.134216 seconds
  Import took 0.137378 seconds .

========================================================================
Received Prepare
Registering precompiled user dll's ...
Registered in 0.001115 seconds.
Begin MonoManager ReloadAssembly
Native extension for WindowsStandalone target not found
Native extension for WebGL target not found
Refreshing native plugins compatible for Editor in 0.45 ms, found 1 plugins.
Preloading 0 native plugins for Editor in 0.00 ms.
Mono: successfully reloaded assembly
- Completed reload, in  0.763 seconds
Platform modules already initialized, skipping
Refreshing native plugins compatible for Editor in 0.41 ms, found 1 plugins.
Preloading 0 native plugins for Editor in 0.00 ms.
Unloading 1799 Unused Serialized files (Serialized files now loaded: 0)
System memory in use before: 87.5 MB.
System memory in use after: 87.6 MB.

Unloading 7 unused Assets to reduce memory usage. Loaded Objects now: 2278.
Total: 2.017400 ms (FindLiveObjects: 0.258400 ms CreateObjectMapping: 0.053200 ms MarkObjects: 1.688100 ms  DeleteObjects: 0.016100 ms)

========================================================================
Received Import Request.
  Time since last request: 483.628547 seconds.
  path: Assets/Scripts/playerMovement.cs
  artifactKey: Guid(298d2a8997e1da14ca48dd8cd0c8a256) Importer(815301076,1909f56bfc062723c751e8b465ee728b)
Start importing Assets/Scripts/playerMovement.cs using Guid(298d2a8997e1da14ca48dd8cd0c8a256) Importer(815301076,1909f56bfc062723c751e8b465ee728b)  -> (artifact id: '9c5bb304180e398e35efdc2e2947af7b') in 0.007148 seconds
  Import took 0.010772 seconds .

========================================================================
Received Prepare
Registering precompiled user dll's ...
Registered in 0.001298 seconds.
Begin MonoManager ReloadAssembly
Native extension for WindowsStandalone target not found
Native extension for WebGL target not found
Refreshing native plugins compatible for Editor in 0.41 ms, found 1 plugins.
Preloading 0 native plugins for Editor in 0.00 ms.
Mono: successfully reloaded assembly
- Completed reload, in  0.736 seconds
Platform modules already initialized, skipping
Refreshing native plugins compatible for Editor in 0.43 ms, found 1 plugins.
Preloading 0 native plugins for Editor in 0.00 ms.
Unloading 1799 Unused Serialized files (Serialized files now loaded: 0)
System memory in use before: 87.5 MB.
System memory in use after: 87.6 MB.

Unloading 7 unused Assets to reduce memory usage. Loaded Objects now: 2282.
Total: 2.000200 ms (FindLiveObjects: 0.344200 ms CreateObjectMapping: 0.041100 ms MarkObjects: 1.597600 ms  DeleteObjects: 0.015400 ms)

========================================================================
Received Import Request.
  Time since last request: 94.742822 seconds.
  path: Assets/Scripts/playerMovement.cs
  artifactKey: Guid(298d2a8997e1da14ca48dd8cd0c8a256) Importer(815301076,1909f56bfc062723c751e8b465ee728b)
Start importing Assets/Scripts/playerMovement.cs using Guid(298d2a8997e1da14ca48dd8cd0c8a256) Importer(815301076,1909f56bfc062723c751e8b465ee728b)  -> (artifact id: 'f677900b9e46695e3eaaa84214ad3386') in 0.005730 seconds
  Import took 0.008863 seconds .

========================================================================
Received Import Request.
  Time since last request: 0.007126 seconds.
  path: Assets/Scripts/playerMovement.cs
  artifactKey: Guid(298d2a8997e1da14ca48dd8cd0c8a256) Importer(815301076,1909f56bfc062723c751e8b465ee728b)
Start importing Assets/Scripts/playerMovement.cs using Guid(298d2a8997e1da14ca48dd8cd0c8a256) Importer(815301076,1909f56bfc062723c751e8b465ee728b)  -> (artifact id: 'f677900b9e46695e3eaaa84214ad3386') in 0.002818 seconds
  Import took 0.005809 seconds .

========================================================================
Received Prepare
Registering precompiled user dll's ...
Registered in 0.001256 seconds.
Begin MonoManager ReloadAssembly
Native extension for WindowsStandalone target not found
Native extension for WebGL target not found
Refreshing native plugins compatible for Editor in 0.41 ms, found 1 plugins.
Preloading 0 native plugins for Editor in 0.00 ms.
Mono: successfully reloaded assembly
- Completed reload, in  0.763 seconds
Platform modules already initialized, skipping
Refreshing native plugins compatible for Editor in 0.41 ms, found 1 plugins.
Preloading 0 native plugins for Editor in 0.00 ms.
Unloading 1799 Unused Serialized files (Serialized files now loaded: 0)
System memory in use before: 87.5 MB.
System memory in use after: 87.6 MB.

Unloading 7 unused Assets to reduce memory usage. Loaded Objects now: 2286.
Total: 2.206300 ms (FindLiveObjects: 0.283900 ms CreateObjectMapping: 0.042700 ms MarkObjects: 1.857300 ms  DeleteObjects: 0.021300 ms)

========================================================================
Received Prepare
Registering precompiled user dll's ...
Registered in 0.001112 seconds.
Begin MonoManager ReloadAssembly
Native extension for WindowsStandalone target not found
Native extension for WebGL target not found
Refreshing native plugins compatible for Editor in 0.41 ms, found 1 plugins.
Preloading 0 native plugins for Editor in 0.00 ms.
Mono: successfully reloaded assembly
- Completed reload, in  0.720 seconds
Platform modules already initialized, skipping
Refreshing native plugins compatible for Editor in 0.42 ms, found 1 plugins.
Preloading 0 native plugins for Editor in 0.00 ms.
Unloading 1799 Unused Serialized files (Serialized files now loaded: 0)
System memory in use before: 87.5 MB.
System memory in use after: 87.6 MB.

Unloading 7 unused Assets to reduce memory usage. Loaded Objects now: 2290.
Total: 2.242800 ms (FindLiveObjects: 0.244900 ms CreateObjectMapping: 0.037200 ms MarkObjects: 1.939700 ms  DeleteObjects: 0.019200 ms)

========================================================================
Received Prepare
Registering precompiled user dll's ...
Registered in 0.001361 seconds.
Begin MonoManager ReloadAssembly
Native extension for WindowsStandalone target not found
Native extension for WebGL target not found
Refreshing native plugins compatible for Editor in 0.44 ms, found 1 plugins.
Preloading 0 native plugins for Editor in 0.00 ms.
Mono: successfully reloaded assembly
- Completed reload, in  0.783 seconds
Platform modules already initialized, skipping
Refreshing native plugins compatible for Editor in 0.40 ms, found 1 plugins.
Preloading 0 native plugins for Editor in 0.00 ms.
Unloading 1799 Unused Serialized files (Serialized files now loaded: 0)
System memory in use before: 87.5 MB.
System memory in use after: 87.6 MB.

Unloading 7 unused Assets to reduce memory usage. Loaded Objects now: 2294.
Total: 2.208100 ms (FindLiveObjects: 0.400900 ms CreateObjectMapping: 0.118900 ms MarkObjects: 1.667300 ms  DeleteObjects: 0.018700 ms)

========================================================================
Received Import Request.
  Time since last request: 281.803456 seconds.
  path: Assets/Scripts/playerMovement.cs
  artifactKey: Guid(298d2a8997e1da14ca48dd8cd0c8a256) Importer(815301076,1909f56bfc062723c751e8b465ee728b)
Start importing Assets/Scripts/playerMovement.cs using Guid(298d2a8997e1da14ca48dd8cd0c8a256) Importer(815301076,1909f56bfc062723c751e8b465ee728b)  -> (artifact id: 'c99f747901d2903d26fbca4ee5f35699') in 0.005690 seconds
  Import took 0.008942 seconds .

========================================================================
Received Import Request.
  Time since last request: 72.007675 seconds.
  path: Assets/Scripts/playerMovement.cs
  artifactKey: Guid(298d2a8997e1da14ca48dd8cd0c8a256) Importer(815301076,1909f56bfc062723c751e8b465ee728b)
Start importing Assets/Scripts/playerMovement.cs using Guid(298d2a8997e1da14ca48dd8cd0c8a256) Importer(815301076,1909f56bfc062723c751e8b465ee728b)  -> (artifact id: '7b8ded8094ae48698b5998dcf473149b') in 0.003783 seconds
  Import took 0.013572 seconds .

========================================================================
Received Import Request.
  Time since last request: 0.001438 seconds.
  path: Assets/Scripts/playerMovement.cs
  artifactKey: Guid(298d2a8997e1da14ca48dd8cd0c8a256) Importer(815301076,1909f56bfc062723c751e8b465ee728b)
Start importing Assets/Scripts/playerMovement.cs using Guid(298d2a8997e1da14ca48dd8cd0c8a256) Importer(815301076,1909f56bfc062723c751e8b465ee728b)  -> (artifact id: '7b8ded8094ae48698b5998dcf473149b') in 0.002916 seconds
  Import took 0.006217 seconds .

========================================================================
Received Prepare
Registering precompiled user dll's ...
Registered in 0.001141 seconds.
Begin MonoManager ReloadAssembly
Native extension for WindowsStandalone target not found
Native extension for WebGL target not found
Refreshing native plugins compatible for Editor in 0.45 ms, found 1 plugins.
Preloading 0 native plugins for Editor in 0.00 ms.
Mono: successfully reloaded assembly
- Completed reload, in  0.717 seconds
Platform modules already initialized, skipping
Refreshing native plugins compatible for Editor in 0.43 ms, found 1 plugins.
Preloading 0 native plugins for Editor in 0.00 ms.
Unloading 1799 Unused Serialized files (Serialized files now loaded: 0)
System memory in use before: 87.5 MB.
System memory in use after: 87.7 MB.

Unloading 7 unused Assets to reduce memory usage. Loaded Objects now: 2298.
Total: 1.806500 ms (FindLiveObjects: 0.227900 ms CreateObjectMapping: 0.043100 ms MarkObjects: 1.517200 ms  DeleteObjects: 0.017100 ms)

========================================================================
Received Import Request.
  Time since last request: 51.849046 seconds.
  path: Assets/Scripts/playerMovement.cs
  artifactKey: Guid(298d2a8997e1da14ca48dd8cd0c8a256) Importer(815301076,1909f56bfc062723c751e8b465ee728b)
Start importing Assets/Scripts/playerMovement.cs using Guid(298d2a8997e1da14ca48dd8cd0c8a256) Importer(815301076,1909f56bfc062723c751e8b465ee728b)  -> (artifact id: '803e2fef1caca3c0301a0c3bf20c1cdf') in 0.005898 seconds
  Import took 0.009074 seconds .

========================================================================
Received Import Request.
  Time since last request: 0.007883 seconds.
  path: Assets/Scripts/playerMovement.cs
  artifactKey: Guid(298d2a8997e1da14ca48dd8cd0c8a256) Importer(815301076,1909f56bfc062723c751e8b465ee728b)
Start importing Assets/Scripts/playerMovement.cs using Guid(298d2a8997e1da14ca48dd8cd0c8a256) Importer(815301076,1909f56bfc062723c751e8b465ee728b)  -> (artifact id: '803e2fef1caca3c0301a0c3bf20c1cdf') in 0.002923 seconds
  Import took 0.006006 seconds .

========================================================================
Received Prepare
Registering precompiled user dll's ...
Registered in 0.001520 seconds.
Begin MonoManager ReloadAssembly
Native extension for WindowsStandalone target not found
Native extension for WebGL target not found
Refreshing native plugins compatible for Editor in 0.45 ms, found 1 plugins.
Preloading 0 native plugins for Editor in 0.00 ms.
Mono: successfully reloaded assembly
- Completed reload, in  0.793 seconds
Platform modules already initialized, skipping
Refreshing native plugins compatible for Editor in 0.41 ms, found 1 plugins.
Preloading 0 native plugins for Editor in 0.00 ms.
Unloading 1799 Unused Serialized files (Serialized files now loaded: 0)
System memory in use before: 87.5 MB.
System memory in use after: 87.7 MB.

Unloading 7 unused Assets to reduce memory usage. Loaded Objects now: 2302.
Total: 2.257200 ms (FindLiveObjects: 0.311600 ms CreateObjectMapping: 0.047000 ms MarkObjects: 1.876300 ms  DeleteObjects: 0.020200 ms)

AssetImportWorkerClient::OnTransportError - code=2 error=End of file
